<?xml version="1.0" encoding="UTF-8"?>
<testsuite name="com.example.demo.DemoApplicationTests" tests="1" skipped="0" failures="0" errors="0" timestamp="2021-05-16T16:25:38" hostname="januspc-MS-7C31" time="0.005">
  <properties/>
  <testcase name="contextLoads()" classname="com.example.demo.DemoApplicationTests" time="0.005"/>
  <system-out><![CDATA[2021-05-16 11:25:38.449  INFO 9474 --- [    Test worker] .b.t.c.SpringBootTestContextBootstrapper : Neither @ContextConfiguration nor @ContextHierarchy found for test class [com.example.demo.DemoApplicationTests], using SpringBootContextLoader
2021-05-16 11:25:38.449  INFO 9474 --- [    Test worker] o.s.t.c.support.AbstractContextLoader    : Could not detect default resource locations for test class [com.example.demo.DemoApplicationTests]: no resource found for suffixes {-context.xml, Context.groovy}.
2021-05-16 11:25:38.450  INFO 9474 --- [    Test worker] t.c.s.AnnotationConfigContextLoaderUtils : Could not detect default configuration classes for test class [com.example.demo.DemoApplicationTests]: DemoApplicationTests does not declare any static, non-private, non-final, nested classes annotated with @Configuration.
2021-05-16 11:25:38.451  INFO 9474 --- [    Test worker] .b.t.c.SpringBootTestContextBootstrapper : Found @SpringBootConfiguration com.example.demo.DemoApplication for test class com.example.demo.DemoApplicationTests
2021-05-16 11:25:38.452  INFO 9474 --- [    Test worker] .b.t.c.SpringBootTestContextBootstrapper : Loaded default TestExecutionListener class names from location [META-INF/spring.factories]: [org.springframework.boot.test.autoconfigure.restdocs.RestDocsTestExecutionListener, org.springframework.boot.test.autoconfigure.web.client.MockRestServiceServerResetTestExecutionListener, org.springframework.boot.test.autoconfigure.web.servlet.MockMvcPrintOnlyOnFailureTestExecutionListener, org.springframework.boot.test.autoconfigure.web.servlet.WebDriverTestExecutionListener, org.springframework.boot.test.autoconfigure.webservices.client.MockWebServiceServerTestExecutionListener, org.springframework.boot.test.mock.mockito.MockitoTestExecutionListener, org.springframework.boot.test.mock.mockito.ResetMocksTestExecutionListener, org.springframework.test.context.web.ServletTestExecutionListener, org.springframework.test.context.support.DirtiesContextBeforeModesTestExecutionListener, org.springframework.test.context.event.ApplicationEventsTestExecutionListener, org.springframework.test.context.support.DependencyInjectionTestExecutionListener, org.springframework.test.context.support.DirtiesContextTestExecutionListener, org.springframework.test.context.transaction.TransactionalTestExecutionListener, org.springframework.test.context.jdbc.SqlScriptsTestExecutionListener, org.springframework.test.context.event.EventPublishingTestExecutionListener]
2021-05-16 11:25:38.454  INFO 9474 --- [    Test worker] .b.t.c.SpringBootTestContextBootstrapper : Using TestExecutionListeners: [org.springframework.test.context.support.DirtiesContextBeforeModesTestExecutionListener@16b78c3d, org.springframework.test.context.event.ApplicationEventsTestExecutionListener@3222d6a5, org.springframework.boot.test.mock.mockito.MockitoTestExecutionListener@780424a7, org.springframework.boot.test.autoconfigure.SpringBootDependencyInjectionTestExecutionListener@f910aa6, org.springframework.test.context.support.DirtiesContextTestExecutionListener@256da90d, org.springframework.test.context.transaction.TransactionalTestExecutionListener@15ed4fb, org.springframework.test.context.jdbc.SqlScriptsTestExecutionListener@58a6e96b, org.springframework.test.context.event.EventPublishingTestExecutionListener@5f650ce3, org.springframework.boot.test.autoconfigure.restdocs.RestDocsTestExecutionListener@1788f3c3, org.springframework.boot.test.autoconfigure.web.client.MockRestServiceServerResetTestExecutionListener@608604c5, org.springframework.boot.test.autoconfigure.web.servlet.MockMvcPrintOnlyOnFailureTestExecutionListener@f84440f, org.springframework.boot.test.autoconfigure.web.servlet.WebDriverTestExecutionListener@78715308, org.springframework.boot.test.autoconfigure.webservices.client.MockWebServiceServerTestExecutionListener@2837b12e, org.springframework.boot.test.mock.mockito.ResetMocksTestExecutionListener@784728c1]
]]></system-out>
  <system-err><![CDATA[]]></system-err>
</testsuite>
