<?xml version="1.0" encoding="UTF-8"?>
<testsuite name="com.example.demo.CSVUtilTest" tests="1" skipped="0" failures="0" errors="0" timestamp="2021-05-16T02:08:32" hostname="januspc-MS-7C31" time="2.093">
  <properties/>
  <testcase name="reactive_filtrarJugadoresMayoresA35Mongo()" classname="com.example.demo.CSVUtilTest" time="2.093"/>
  <system-out><![CDATA[21:08:29.805 [Test worker] DEBUG org.springframework.test.context.BootstrapUtils - Instantiating CacheAwareContextLoaderDelegate from class [org.springframework.test.context.cache.DefaultCacheAwareContextLoaderDelegate]
21:08:29.812 [Test worker] DEBUG org.springframework.test.context.BootstrapUtils - Instantiating BootstrapContext using constructor [public org.springframework.test.context.support.DefaultBootstrapContext(java.lang.Class,org.springframework.test.context.CacheAwareContextLoaderDelegate)]
21:08:29.838 [Test worker] DEBUG org.springframework.test.context.BootstrapUtils - Instantiating TestContextBootstrapper for test class [com.example.demo.CSVUtilTest] from class [org.springframework.boot.test.context.SpringBootTestContextBootstrapper]
21:08:29.845 [Test worker] INFO org.springframework.boot.test.context.SpringBootTestContextBootstrapper - Neither @ContextConfiguration nor @ContextHierarchy found for test class [com.example.demo.CSVUtilTest], using SpringBootContextLoader
21:08:29.848 [Test worker] DEBUG org.springframework.test.context.support.AbstractContextLoader - Did not detect default resource location for test class [com.example.demo.CSVUtilTest]: class path resource [com/example/demo/CSVUtilTest-context.xml] does not exist
21:08:29.848 [Test worker] DEBUG org.springframework.test.context.support.AbstractContextLoader - Did not detect default resource location for test class [com.example.demo.CSVUtilTest]: class path resource [com/example/demo/CSVUtilTestContext.groovy] does not exist
21:08:29.848 [Test worker] INFO org.springframework.test.context.support.AbstractContextLoader - Could not detect default resource locations for test class [com.example.demo.CSVUtilTest]: no resource found for suffixes {-context.xml, Context.groovy}.
21:08:29.849 [Test worker] INFO org.springframework.test.context.support.AnnotationConfigContextLoaderUtils - Could not detect default configuration classes for test class [com.example.demo.CSVUtilTest]: CSVUtilTest does not declare any static, non-private, non-final, nested classes annotated with @Configuration.
21:08:29.893 [Test worker] DEBUG org.springframework.test.context.support.ActiveProfilesUtils - Could not find an 'annotation declaring class' for annotation type [org.springframework.test.context.ActiveProfiles] and class [com.example.demo.CSVUtilTest]
21:08:29.936 [Test worker] DEBUG org.springframework.context.annotation.ClassPathScanningCandidateComponentProvider - Identified candidate component class: file [/home/januspc/Documents/challenge-reactor-core/build/classes/java/main/com/example/demo/DemoApplication.class]
21:08:29.942 [Test worker] INFO org.springframework.boot.test.context.SpringBootTestContextBootstrapper - Found @SpringBootConfiguration com.example.demo.DemoApplication for test class com.example.demo.CSVUtilTest
21:08:30.006 [Test worker] DEBUG org.springframework.boot.test.context.SpringBootTestContextBootstrapper - @TestExecutionListeners is not present for class [com.example.demo.CSVUtilTest]: using defaults.
21:08:30.006 [Test worker] INFO org.springframework.boot.test.context.SpringBootTestContextBootstrapper - Loaded default TestExecutionListener class names from location [META-INF/spring.factories]: [org.springframework.boot.test.autoconfigure.restdocs.RestDocsTestExecutionListener, org.springframework.boot.test.autoconfigure.web.client.MockRestServiceServerResetTestExecutionListener, org.springframework.boot.test.autoconfigure.web.servlet.MockMvcPrintOnlyOnFailureTestExecutionListener, org.springframework.boot.test.autoconfigure.web.servlet.WebDriverTestExecutionListener, org.springframework.boot.test.autoconfigure.webservices.client.MockWebServiceServerTestExecutionListener, org.springframework.boot.test.mock.mockito.MockitoTestExecutionListener, org.springframework.boot.test.mock.mockito.ResetMocksTestExecutionListener, org.springframework.test.context.web.ServletTestExecutionListener, org.springframework.test.context.support.DirtiesContextBeforeModesTestExecutionListener, org.springframework.test.context.event.ApplicationEventsTestExecutionListener, org.springframework.test.context.support.DependencyInjectionTestExecutionListener, org.springframework.test.context.support.DirtiesContextTestExecutionListener, org.springframework.test.context.transaction.TransactionalTestExecutionListener, org.springframework.test.context.jdbc.SqlScriptsTestExecutionListener, org.springframework.test.context.event.EventPublishingTestExecutionListener]
21:08:30.011 [Test worker] DEBUG org.springframework.boot.test.context.SpringBootTestContextBootstrapper - Skipping candidate TestExecutionListener [org.springframework.test.context.web.ServletTestExecutionListener] due to a missing dependency. Specify custom listener classes or make the default listener classes and their required dependencies available. Offending class: [javax/servlet/ServletContext]
21:08:30.016 [Test worker] INFO org.springframework.boot.test.context.SpringBootTestContextBootstrapper - Using TestExecutionListeners: [org.springframework.test.context.support.DirtiesContextBeforeModesTestExecutionListener@292ca577, org.springframework.test.context.event.ApplicationEventsTestExecutionListener@50616ae5, org.springframework.boot.test.mock.mockito.MockitoTestExecutionListener@4a192412, org.springframework.boot.test.autoconfigure.SpringBootDependencyInjectionTestExecutionListener@7c869e94, org.springframework.test.context.support.DirtiesContextTestExecutionListener@304d9b6e, org.springframework.test.context.transaction.TransactionalTestExecutionListener@6ba0e9c0, org.springframework.test.context.jdbc.SqlScriptsTestExecutionListener@689a7912, org.springframework.test.context.event.EventPublishingTestExecutionListener@202028ab, org.springframework.boot.test.autoconfigure.restdocs.RestDocsTestExecutionListener@7cea512a, org.springframework.boot.test.autoconfigure.web.client.MockRestServiceServerResetTestExecutionListener@10e8599e, org.springframework.boot.test.autoconfigure.web.servlet.MockMvcPrintOnlyOnFailureTestExecutionListener@2b81f078, org.springframework.boot.test.autoconfigure.web.servlet.WebDriverTestExecutionListener@ac5f0d3, org.springframework.boot.test.autoconfigure.webservices.client.MockWebServiceServerTestExecutionListener@248883a0, org.springframework.boot.test.mock.mockito.ResetMocksTestExecutionListener@767e1a06]
21:08:30.017 [Test worker] DEBUG org.springframework.test.context.support.AbstractDirtiesContextTestExecutionListener - Before test class: context [DefaultTestContext@1d2c881a testClass = CSVUtilTest, testInstance = [null], testMethod = [null], testException = [null], mergedContextConfiguration = [ReactiveWebMergedContextConfiguration@37e753f7 testClass = CSVUtilTest, locations = '{}', classes = '{class com.example.demo.DemoApplication}', contextInitializerClasses = '[]', activeProfiles = '{}', propertySourceLocations = '{}', propertySourceProperties = '{org.springframework.boot.test.context.SpringBootTestContextBootstrapper=true}', contextCustomizers = set[org.springframework.boot.test.autoconfigure.actuate.metrics.MetricsExportContextCustomizerFactory$DisableMetricExportContextCustomizer@3f64548, org.springframework.boot.test.autoconfigure.properties.PropertyMappingContextCustomizer@0, org.springframework.boot.test.autoconfigure.web.servlet.WebDriverContextCustomizerFactory$Customizer@72c48c74, org.springframework.boot.test.context.filter.ExcludeFilterContextCustomizer@5321e244, org.springframework.boot.test.json.DuplicateJsonObjectContextCustomizerFactory$DuplicateJsonObjectContextCustomizer@7b80e08b, org.springframework.boot.test.mock.mockito.MockitoContextCustomizer@0, org.springframework.boot.test.web.client.TestRestTemplateContextCustomizer@45a60bc9, org.springframework.boot.test.web.reactive.server.WebTestClientContextCustomizer@77112f5e, org.springframework.boot.test.context.SpringBootTestArgs@1, org.springframework.boot.test.context.SpringBootTestWebEnvironment@6f78711c], contextLoader = 'org.springframework.boot.test.context.SpringBootContextLoader', parent = [null]], attributes = map[[empty]]], class annotated with @DirtiesContext [false] with mode [null].
21:08:30.029 [Test worker] DEBUG org.springframework.test.context.support.DependencyInjectionTestExecutionListener - Performing dependency injection for test context [[DefaultTestContext@1d2c881a testClass = CSVUtilTest, testInstance = com.example.demo.CSVUtilTest@23f364e8, testMethod = [null], testException = [null], mergedContextConfiguration = [ReactiveWebMergedContextConfiguration@37e753f7 testClass = CSVUtilTest, locations = '{}', classes = '{class com.example.demo.DemoApplication}', contextInitializerClasses = '[]', activeProfiles = '{}', propertySourceLocations = '{}', propertySourceProperties = '{org.springframework.boot.test.context.SpringBootTestContextBootstrapper=true}', contextCustomizers = set[org.springframework.boot.test.autoconfigure.actuate.metrics.MetricsExportContextCustomizerFactory$DisableMetricExportContextCustomizer@3f64548, org.springframework.boot.test.autoconfigure.properties.PropertyMappingContextCustomizer@0, org.springframework.boot.test.autoconfigure.web.servlet.WebDriverContextCustomizerFactory$Customizer@72c48c74, org.springframework.boot.test.context.filter.ExcludeFilterContextCustomizer@5321e244, org.springframework.boot.test.json.DuplicateJsonObjectContextCustomizerFactory$DuplicateJsonObjectContextCustomizer@7b80e08b, org.springframework.boot.test.mock.mockito.MockitoContextCustomizer@0, org.springframework.boot.test.web.client.TestRestTemplateContextCustomizer@45a60bc9, org.springframework.boot.test.web.reactive.server.WebTestClientContextCustomizer@77112f5e, org.springframework.boot.test.context.SpringBootTestArgs@1, org.springframework.boot.test.context.SpringBootTestWebEnvironment@6f78711c], contextLoader = 'org.springframework.boot.test.context.SpringBootContextLoader', parent = [null]], attributes = map['org.springframework.test.context.event.ApplicationEventsTestExecutionListener.recordApplicationEvents' -> false]]].
21:08:30.043 [Test worker] DEBUG org.springframework.test.context.support.TestPropertySourceUtils - Adding inlined properties to environment: {spring.jmx.enabled=false, org.springframework.boot.test.context.SpringBootTestContextBootstrapper=true}

  .   ____          _            __ _ _
 /\\ / ___'_ __ _ _(_)_ __  __ _ \ \ \ \
( ( )\___ | '_ | '_| | '_ \/ _` | \ \ \ \
 \\/  ___)| |_)| | | | | || (_| |  ) ) ) )
  '  |____| .__|_| |_|_| |_\__, | / / / /
 =========|_|==============|___/=/_/_/_/
 :: Spring Boot ::                (v2.4.4)

2021-05-15 21:08:30.264  INFO 45971 --- [    Test worker] com.example.demo.CSVUtilTest             : Starting CSVUtilTest using Java 11.0.11 on januspc-MS-7C31 with PID 45971 (started by januspc in /home/januspc/Documents/challenge-reactor-core)
2021-05-15 21:08:30.270  INFO 45971 --- [    Test worker] com.example.demo.CSVUtilTest             : No active profile set, falling back to default profiles: default
2021-05-15 21:08:30.712  INFO 45971 --- [    Test worker] .s.d.r.c.RepositoryConfigurationDelegate : Bootstrapping Spring Data Reactive MongoDB repositories in DEFAULT mode.
2021-05-15 21:08:30.838  INFO 45971 --- [    Test worker] .s.d.r.c.RepositoryConfigurationDelegate : Finished Spring Data repository scanning in 122 ms. Found 1 Reactive MongoDB repository interfaces.
2021-05-15 21:08:31.177  INFO 45971 --- [    Test worker] org.mongodb.driver.cluster               : Cluster created with settings {hosts=[localhost:27017], mode=SINGLE, requiredClusterType=UNKNOWN, serverSelectionTimeout='30000 ms'}
2021-05-15 21:08:31.392  INFO 45971 --- [localhost:27017] org.mongodb.driver.connection            : Opened connection [connectionId{localValue:2, serverValue:433}] to localhost:27017
2021-05-15 21:08:31.397  INFO 45971 --- [localhost:27017] org.mongodb.driver.connection            : Opened connection [connectionId{localValue:1, serverValue:434}] to localhost:27017
2021-05-15 21:08:31.398  INFO 45971 --- [localhost:27017] org.mongodb.driver.cluster               : Monitor thread successfully connected to server with description ServerDescription{address=localhost:27017, type=STANDALONE, state=CONNECTED, ok=true, minWireVersion=0, maxWireVersion=9, maxDocumentSize=16777216, logicalSessionTimeoutMinutes=30, roundTripTimeNanos=132515038}
2021-05-15 21:08:31.999  INFO 45971 --- [    Test worker] com.example.demo.CSVUtilTest             : Started CSVUtilTest in 1.949 seconds (JVM running for 2.798)
2021-05-15 21:08:32.296  INFO 45971 --- [ntLoopGroup-2-3] org.mongodb.driver.connection            : Opened connection [connectionId{localValue:3, serverValue:435}] to localhost:27017
2021-05-15 21:08:32.603  INFO 45971 --- [ntLoopGroup-2-4] org.mongodb.driver.connection            : Opened connection [connectionId{localValue:4, serverValue:436}] to localhost:27017
2021-05-15 21:08:32.772  INFO 45971 --- [ntLoopGroup-2-5] org.mongodb.driver.connection            : Opened connection [connectionId{localValue:5, serverValue:437}] to localhost:27017
2021-05-15 21:08:32.998  INFO 45971 --- [ntLoopGroup-2-6] org.mongodb.driver.connection            : Opened connection [connectionId{localValue:6, serverValue:438}] to localhost:27017
2021-05-15 21:08:33.210  INFO 45971 --- [ntLoopGroup-2-7] org.mongodb.driver.connection            : Opened connection [connectionId{localValue:7, serverValue:439}] to localhost:27017
]]></system-out>
  <system-err><![CDATA[]]></system-err>
</testsuite>
